This file contains any messages produced by compilers while
running configure, to aid debugging if configure makes a mistake.

It was created by Tanger configure 0.80, which was
generated by GNU Autoconf 2.65.  Invocation command line was

  $ ./configure --prefix=/opt/tanger/patched --with-llvmsrc=/opt/llvm/2.8/src --with-llvmobj=/opt/llvm/2.8/build

## --------- ##
## Platform. ##
## --------- ##

hostname = opsve02
uname -m = x86_64
uname -r = 2.6.37
uname -s = Linux
uname -v = #1 SMP Fri Feb 4 12:39:17 CET 2011

/usr/bin/uname -p = unknown
/bin/uname -X     = unknown

/bin/arch              = unknown
/usr/bin/arch -k       = unknown
/usr/convex/getsysinfo = unknown
/usr/bin/hostinfo      = unknown
/bin/machine           = unknown
/usr/bin/oslevel       = unknown
/bin/universe          = unknown

PATH: /opt/binutils/2.20.1/bin
PATH: /opt/tanger/current/bin/
PATH: /opt/llvm-gcc-tud/current/bin
PATH: /opt/llvm/current/bin
PATH: /opt/ant/current/bin/
PATH: /usr/local/bin
PATH: /usr/bin
PATH: /bin
PATH: /usr/games


## ----------- ##
## Core tests. ##
## ----------- ##

configure:1925: creating ./config.status

## ---------------------- ##
## Running config.status. ##
## ---------------------- ##

This file was extended by Tanger config.status 0.80, which was
generated by GNU Autoconf 2.65.  Invocation command line was

  CONFIG_FILES    = 
  CONFIG_HEADERS  = 
  CONFIG_LINKS    = 
  CONFIG_COMMANDS = 
  $ ./config.status 

on opsve02

config.status:804: creating Makefile.common
config.status:804: creating include/tanger/config.h
config.status:965: include/tanger/config.h is unchanged
config.status:979: executing setup commands
config.status:979: executing Makefile commands
config.status:979: executing lib/Makefile commands
config.status:979: executing lib/tanger/Makefile commands
config.status:979: executing tools/Makefile commands
config.status:979: executing tools/tmlink/Makefile commands

## ---------------- ##
## Cache variables. ##
## ---------------- ##

ac_cv_env_build_alias_set=
ac_cv_env_build_alias_value=
ac_cv_env_host_alias_set=
ac_cv_env_host_alias_value=
ac_cv_env_target_alias_set=
ac_cv_env_target_alias_value=

## ----------------- ##
## Output variables. ##
## ----------------- ##

DEFS='-DHAVE_CONFIG_H'
DSAOBJDIR='/opt/llvm/2.8/build'
DSASRCDIR='/opt/llvm/2.8/build'
ECHO_C=''
ECHO_N='-n'
ECHO_T=''
ENABLE_DSA=''
ENABLE_REPORTING=''
LIBOBJS=''
LIBS=''
LLVM_OBJ='/opt/llvm/2.8/build'
LLVM_SRC='/opt/llvm/2.8/src'
LTLIBOBJS=''
PACKAGE_BUGREPORT='bugs@tinystm.org'
PACKAGE_NAME='Tanger'
PACKAGE_STRING='Tanger 0.80'
PACKAGE_TARNAME='tanger'
PACKAGE_URL=''
PACKAGE_VERSION='0.80'
PATH_SEPARATOR=':'
SHELL='/bin/sh'
bindir='${exec_prefix}/bin'
build_alias=''
datadir='${datarootdir}'
datarootdir='${prefix}/share'
docdir='${datarootdir}/doc/${PACKAGE_TARNAME}'
dvidir='${docdir}'
exec_prefix='${prefix}'
host_alias=''
htmldir='${docdir}'
includedir='${prefix}/include'
infodir='${datarootdir}/info'
libdir='${exec_prefix}/lib'
libexecdir='${exec_prefix}/libexec'
localedir='${datarootdir}/locale'
localstatedir='${prefix}/var'
mandir='${datarootdir}/man'
oldincludedir='/usr/include'
pdfdir='${docdir}'
prefix='/opt/tanger/patched'
program_transform_name='s,x,x,'
psdir='${docdir}'
sbindir='${exec_prefix}/sbin'
sharedstatedir='${prefix}/com'
sysconfdir='${prefix}/etc'
target_alias=''

## ----------- ##
## confdefs.h. ##
## ----------- ##

/* confdefs.h */
#define PACKAGE_NAME "Tanger"
#define PACKAGE_TARNAME "tanger"
#define PACKAGE_VERSION "0.80"
#define PACKAGE_STRING "Tanger 0.80"
#define PACKAGE_BUGREPORT "bugs@tinystm.org"
#define PACKAGE_URL ""
#define DSAOBJDIR "/opt/llvm/2.8/build/"
#define DSASRCDIR "/opt/llvm/2.8/build/"

configure: exit 0
